<?xml version="1.0" encoding="UTF-8" ?>
<testsuite tests="19" failures="0" name="com.sguild.superhumansightings.dao.SuperhumansDaoImplTest" time="7.26" errors="0" skipped="0">
  <properties>
[...]
</properties>
  <testcase classname="com.sguild.superhumansightings.dao.SuperhumansDaoImplTest" name="testGetAllSuperhumans" time="1.814"/>
  <testcase classname="com.sguild.superhumansightings.dao.SuperhumansDaoImplTest" name="testGetAllSuperpowers" time="0.386"/>
  <testcase classname="com.sguild.superhumansightings.dao.SuperhumansDaoImplTest" name="testGetSuperhuman" time="0.51"/>
  <testcase classname="com.sguild.superhumansightings.dao.SuperhumansDaoImplTest" name="testGetSuperpower" time="0.378"/>
  <testcase classname="com.sguild.superhumansightings.dao.SuperhumansDaoImplTest" name="testDeleteSuperhuman" time="0.441"/>
  <testcase classname="com.sguild.superhumansightings.dao.SuperhumansDaoImplTest" name="testDeleteSuperpower" time="0.339"/>
  <testcase classname="com.sguild.superhumansightings.dao.SuperhumansDaoImplTest" name="testGetMembershipsOfOrganization" time="0.401"/>
  <testcase classname="com.sguild.superhumansightings.dao.SuperhumansDaoImplTest" name="testAddSuperhuman" time="0.395"/>
  <testcase classname="com.sguild.superhumansightings.dao.SuperhumansDaoImplTest" name="testAddSuperpower" time="0.307"/>
  <testcase classname="com.sguild.superhumansightings.dao.SuperhumansDaoImplTest" name="testUpdateSuperhuman" time="0.286"/>
  <testcase classname="com.sguild.superhumansightings.dao.SuperhumansDaoImplTest" name="testGetMembership" time="0.236"/>
  <testcase classname="com.sguild.superhumansightings.dao.SuperhumansDaoImplTest" name="testUpdateSuperpower" time="0.23"/>
  <testcase classname="com.sguild.superhumansightings.dao.SuperhumansDaoImplTest" name="testDeleteMembership" time="0.238"/>
  <testcase classname="com.sguild.superhumansightings.dao.SuperhumansDaoImplTest" name="testGetSuperpowersForHero" time="0.188"/>
  <testcase classname="com.sguild.superhumansightings.dao.SuperhumansDaoImplTest" name="testAssignSuperhumanToOrganization" time="0.267"/>
  <testcase classname="com.sguild.superhumansightings.dao.SuperhumansDaoImplTest" name="testRemoveSuperhumansSuperpower" time="0.179"/>
  <testcase classname="com.sguild.superhumansightings.dao.SuperhumansDaoImplTest" name="testGetMembershipsOfHero" time="0.213"/>
  <testcase classname="com.sguild.superhumansightings.dao.SuperhumansDaoImplTest" name="testGetAllSuperhumansWithSuperpower" time="0.2"/>
  <testcase classname="com.sguild.superhumansightings.dao.SuperhumansDaoImplTest" name="testGiveSuperhumanSuperpower" time="0.252"/>
</testsuite>